eataewon_Front/app/build/intermediates/manifest_merge_blame_file/debug/manifest-merger-blame-debug-report.txt
1<?xml version="1.0" encoding="utf-8"?>
2<manifest xmlns:android="http://schemas.android.com/apk/res/android"
3    package="com.example.eattaewon"
4    android:versionCode="1"
5    android:versionName="1.0" >
6
7    <uses-sdk
8        android:minSdkVersion="21"
8-->src\main\AndroidManifest.xml
9        android:targetSdkVersion="32" />
9-->src\main\AndroidManifest.xml
10
11    <!--
12         The ACCESS_COARSE/FINE_LOCATION permissions are not required to use
13         Google Maps Android API v2, but you must specify either coarse or fine
14         location permissions for the "MyLocation" functionality.
15    -->
16    <!-- queries에 카카오톡 패키지 추가 -->
17    <queries>
17-->src\main\AndroidManifest.xml:11:5-13:15
18        <package android:name="com.kakao.talk" />
18-->src\main\AndroidManifest.xml:12:9-49
18-->src\main\AndroidManifest.xml:12:18-47
19        <package android:name="com.locnall.KimGiSa" />
19-->[com.kakao.sdk:v2-navi:2.4.2] AndroidManifest.xml:12:9-55
19-->[com.kakao.sdk:v2-navi:2.4.2] AndroidManifest.xml:12:18-52
20        <package android:name="com.lguplus.navi" />
20-->[com.kakao.sdk:v2-navi:2.4.2] AndroidManifest.xml:13:9-52
20-->[com.kakao.sdk:v2-navi:2.4.2] AndroidManifest.xml:13:18-49
21        <package android:name="com.kakao.talk.alpha" />
21-->[com.kakao.sdk:v2-common:2.9.0] AndroidManifest.xml:11:9-56
21-->[com.kakao.sdk:v2-common:2.9.0] AndroidManifest.xml:11:18-53
22        <package android:name="com.kakao.talk.sandbox" />
22-->[com.kakao.sdk:v2-common:2.9.0] AndroidManifest.xml:12:9-58
22-->[com.kakao.sdk:v2-common:2.9.0] AndroidManifest.xml:12:18-55
23        <package android:name="com.kakao.onetalk" />
23-->[com.kakao.sdk:v2-common:2.9.0] AndroidManifest.xml:13:9-53
23-->[com.kakao.sdk:v2-common:2.9.0] AndroidManifest.xml:13:18-50
24
25        <intent>
25-->[com.kakao.sdk:v2-common:2.9.0] AndroidManifest.xml:15:9-21:18
26            <action android:name="android.intent.action.VIEW" />
26-->src\main\AndroidManifest.xml:64:17-69
26-->src\main\AndroidManifest.xml:64:25-66
27
28            <category android:name="android.intent.category.BROWSABLE" />
28-->src\main\AndroidManifest.xml:66:17-78
28-->src\main\AndroidManifest.xml:66:27-75
29
30            <data android:scheme="https" />
30-->src\main\AndroidManifest.xml:68:17-70:82
30-->src\main\AndroidManifest.xml:70:25-79
31        </intent> <!-- Needs to be explicitly declared on Android R+ -->
32        <package android:name="com.google.android.apps.maps" />
32-->[com.google.android.gms:play-services-maps:18.0.2] AndroidManifest.xml:33:9-64
32-->[com.google.android.gms:play-services-maps:18.0.2] AndroidManifest.xml:33:18-61
33    </queries>
34
35    <!-- 인터넷 사용 권한 설정 -->
36    <uses-permission android:name="android.permission.INTERNET" />
36-->src\main\AndroidManifest.xml:16:5-66
36-->src\main\AndroidManifest.xml:16:22-64
37
38    <!-- 도시 블록 내에서의 정확한 위치(네트워크 위치) -->
39    <uses-permission android:name="android.permission.ACCESS_FINE_LOCATION" /> <!-- 정확한 위치 확보(네트워크 위치 + GPS 위치) -->
39-->src\main\AndroidManifest.xml:19:5-78
39-->src\main\AndroidManifest.xml:19:22-76
40    <uses-permission android:name="android.permission.ACCESS_COARSE_LOCATION" /> <!-- 추가 -->
40-->src\main\AndroidManifest.xml:20:5-80
40-->src\main\AndroidManifest.xml:20:22-78
41    <uses-permission android:name="android.permission.ACCESS_NETWORK_STATE" />
41-->src\main\AndroidManifest.xml:21:5-78
41-->src\main\AndroidManifest.xml:21:22-76
42
43    <!-- 저장소 권한 -->
44    <uses-permission android:name="android.permission.WRITE_EXTERNAL_STORAGE" />
44-->src\main\AndroidManifest.xml:24:5-81
44-->src\main\AndroidManifest.xml:24:22-78
45    <uses-permission android:name="android.permission.READ_EXTERNAL_STORAGE" />
45-->src\main\AndroidManifest.xml:25:5-80
45-->src\main\AndroidManifest.xml:25:22-77
46
47    <uses-feature
47-->[com.naver.maps:map-sdk:3.14.0] AndroidManifest.xml:9:5-11:35
48        android:glEsVersion="0x00020000"
48-->[com.naver.maps:map-sdk:3.14.0] AndroidManifest.xml:10:9-41
49        android:required="true" />
49-->[com.naver.maps:map-sdk:3.14.0] AndroidManifest.xml:11:9-32
50    <uses-feature
50-->[com.naver.maps:map-sdk:3.14.0] AndroidManifest.xml:12:5-14:36
51        android:name="android.hardware.wifi"
51-->[com.naver.maps:map-sdk:3.14.0] AndroidManifest.xml:13:9-45
52        android:required="false" />
52-->[com.naver.maps:map-sdk:3.14.0] AndroidManifest.xml:14:9-33
53
54    <uses-permission android:name="android.permission.ACCESS_WIFI_STATE" />
54-->[com.naver.maps:map-sdk:3.14.0] AndroidManifest.xml:18:5-76
54-->[com.naver.maps:map-sdk:3.14.0] AndroidManifest.xml:18:22-73
55    <uses-permission android:name="android.permission.WAKE_LOCK" />
55-->[com.google.android.gms:play-services-measurement-api:20.1.1] AndroidManifest.xml:24:5-68
55-->[com.google.android.gms:play-services-measurement-api:20.1.1] AndroidManifest.xml:24:22-65
56    <uses-permission android:name="com.google.android.gms.permission.AD_ID" />
56-->[com.google.android.gms:play-services-measurement-api:20.1.1] AndroidManifest.xml:25:5-79
56-->[com.google.android.gms:play-services-measurement-api:20.1.1] AndroidManifest.xml:25:22-76
57    <uses-permission android:name="com.google.android.finsky.permission.BIND_GET_INSTALL_REFERRER_SERVICE" />
57-->[com.google.android.gms:play-services-measurement:20.1.1] AndroidManifest.xml:26:5-110
57-->[com.google.android.gms:play-services-measurement:20.1.1] AndroidManifest.xml:26:22-107
58
59    <application
59-->src\main\AndroidManifest.xml:28:5-106:19
60        android:name="com.example.eattaewon.GlobalApplication"
60-->src\main\AndroidManifest.xml:29:9-42
61        android:allowBackup="true"
61-->src\main\AndroidManifest.xml:30:13-39
62        android:appComponentFactory="androidx.core.app.CoreComponentFactory"
62-->[androidx.core:core:1.7.0] AndroidManifest.xml:24:18-86
63        android:debuggable="true"
64        android:icon="@mipmap/ic_launcher"
64-->src\main\AndroidManifest.xml:32:13-47
65        android:label="@string/app_name"
65-->src\main\AndroidManifest.xml:31:13-45
66        android:roundIcon="@mipmap/ic_launcher_round"
66-->src\main\AndroidManifest.xml:33:13-58
67        android:supportsRtl="true"
67-->src\main\AndroidManifest.xml:34:13-39
68        android:testOnly="true"
69        android:theme="@style/Theme.Eattaewon_back_kimminki"
69-->src\main\AndroidManifest.xml:35:13-65
70        android:usesCleartextTraffic="true" >
70-->src\main\AndroidManifest.xml:36:13-48
71
72        <!-- 최아름 카카오 sns, 네이버 map -->
73        <meta-data
73-->src\main\AndroidManifest.xml:40:9-42:59
74            android:name="com.google.android.geo.API_KEY"
74-->src\main\AndroidManifest.xml:41:17-62
75            android:value="@string/google_maps_key" />
75-->src\main\AndroidManifest.xml:42:17-56
76        <meta-data
76-->src\main\AndroidManifest.xml:43:9-45:45
77            android:name="com.naver.maps.map.CLIENT_ID"
77-->src\main\AndroidManifest.xml:44:17-60
78            android:value="1o2hhvg6b8" />
78-->src\main\AndroidManifest.xml:45:17-43
79
80        <!-- 카카오 로그인 앱키 -->
81        <meta-data
81-->src\main\AndroidManifest.xml:48:9-50:57
82            android:name="com.kakao.sdk.AppKey"
82-->src\main\AndroidManifest.xml:49:17-52
83            android:value="@string/kakao_app_key" />
83-->src\main\AndroidManifest.xml:50:17-54
84
85        <activity
85-->src\main\AndroidManifest.xml:52:9-59:20
86            android:name="com.example.eattaewon.MainActivity"
86-->src\main\AndroidManifest.xml:53:17-45
87            android:exported="true" >
87-->src\main\AndroidManifest.xml:54:17-40
88            <intent-filter>
88-->src\main\AndroidManifest.xml:55:13-58:29
89                <action android:name="android.intent.action.MAIN" />
89-->src\main\AndroidManifest.xml:56:17-68
89-->src\main\AndroidManifest.xml:56:25-66
90
91                <category android:name="android.intent.category.LAUNCHER" />
91-->src\main\AndroidManifest.xml:57:17-76
91-->src\main\AndroidManifest.xml:57:27-74
92            </intent-filter>
93        </activity>
94        <activity
94-->src\main\AndroidManifest.xml:61:9-72:20
95            android:name="com.kakao.sdk.auth.AuthCodeHandlerActivity"
95-->src\main\AndroidManifest.xml:61:19-76
96            android:exported="true"
96-->src\main\AndroidManifest.xml:62:19-42
97            android:launchMode="singleTask"
97-->[com.kakao.sdk:v2-auth:2.9.0] AndroidManifest.xml:17:13-44
98            android:theme="@style/TransparentCompat" >
98-->[com.kakao.sdk:v2-auth:2.9.0] AndroidManifest.xml:18:13-53
99            <intent-filter>
99-->src\main\AndroidManifest.xml:63:13-71:29
100                <action android:name="android.intent.action.VIEW" />
100-->src\main\AndroidManifest.xml:64:17-69
100-->src\main\AndroidManifest.xml:64:25-66
101
102                <category android:name="android.intent.category.DEFAULT" />
102-->src\main\AndroidManifest.xml:65:17-76
102-->src\main\AndroidManifest.xml:65:27-73
103                <category android:name="android.intent.category.BROWSABLE" />
103-->src\main\AndroidManifest.xml:66:17-78
103-->src\main\AndroidManifest.xml:66:27-75
104
105                <data
105-->src\main\AndroidManifest.xml:68:17-70:82
106                    android:host="oauth"
106-->src\main\AndroidManifest.xml:69:25-45
107                    android:scheme="kakaoa05f68a3850359a6d8c92e79cdc0d8cb" />
107-->src\main\AndroidManifest.xml:70:25-79
108            </intent-filter>
109        </activity>
110        <activity
110-->src\main\AndroidManifest.xml:74:9-76:43
111            android:name="com.example.eattaewon.SignActivity"
111-->src\main\AndroidManifest.xml:75:17-45
112            android:exported="true" />
112-->src\main\AndroidManifest.xml:76:17-40
113        <activity
113-->src\main\AndroidManifest.xml:78:9-87:20
114            android:name="com.example.eattaewon.HomeActivity"
114-->src\main\AndroidManifest.xml:79:13-41
115            android:exported="true" >
115-->src\main\AndroidManifest.xml:80:13-36
116            <intent-filter>
116-->src\main\AndroidManifest.xml:55:13-58:29
117                <action android:name="android.intent.action.MAIN" />
117-->src\main\AndroidManifest.xml:56:17-68
117-->src\main\AndroidManifest.xml:56:25-66
118
119                <category android:name="android.intent.category.LAUNCHER" />
119-->src\main\AndroidManifest.xml:57:17-76
119-->src\main\AndroidManifest.xml:57:27-74
120            </intent-filter>
121        </activity>
122        <activity
122-->src\main\AndroidManifest.xml:89:9-103:20
123            android:name="com.example.eattaewon.BbsDetailActivity"
123-->src\main\AndroidManifest.xml:90:17-50
124            android:exported="true" >
124-->src\main\AndroidManifest.xml:91:17-40
125            <intent-filter>
125-->src\main\AndroidManifest.xml:92:13-102:29
126                <action android:name="android.intent.action.VIEW" />
126-->src\main\AndroidManifest.xml:64:17-69
126-->src\main\AndroidManifest.xml:64:25-66
127
128                <category android:name="android.intent.category.DEFAULT" />
128-->src\main\AndroidManifest.xml:65:17-76
128-->src\main\AndroidManifest.xml:65:27-73
129                <category android:name="android.intent.category.BROWSABLE" />
129-->src\main\AndroidManifest.xml:66:17-78
129-->src\main\AndroidManifest.xml:66:27-75
130
131                <!-- "kakao${YOUR_NATIVE_APP_KEY}://kakaolink" 형식의 앱 실행 스킴을 설정하는데 사용 -->
132                <data
132-->src\main\AndroidManifest.xml:68:17-70:82
133                    android:host="kakaolink"
133-->src\main\AndroidManifest.xml:69:25-45
134                    android:scheme="803510af840ec6fd9c1aefe41148b4e5" />
134-->src\main\AndroidManifest.xml:70:25-79
135            </intent-filter>
136        </activity>
137        <activity
137-->[com.kakao.sdk:v2-auth:2.9.0] AndroidManifest.xml:10:9-14:56
138            android:name="com.kakao.sdk.auth.TalkAuthCodeActivity"
138-->[com.kakao.sdk:v2-auth:2.9.0] AndroidManifest.xml:11:13-67
139            android:exported="false"
139-->[com.kakao.sdk:v2-auth:2.9.0] AndroidManifest.xml:12:13-37
140            android:launchMode="singleTask"
140-->[com.kakao.sdk:v2-auth:2.9.0] AndroidManifest.xml:13:13-44
141            android:theme="@style/TransparentCompat" />
141-->[com.kakao.sdk:v2-auth:2.9.0] AndroidManifest.xml:14:13-53
142
143        <service
143-->[com.google.firebase:firebase-analytics-ktx:20.1.1] AndroidManifest.xml:8:9-14:19
144            android:name="com.google.firebase.components.ComponentDiscoveryService"
144-->[com.google.firebase:firebase-analytics-ktx:20.1.1] AndroidManifest.xml:9:13-84
145            android:directBootAware="true"
145-->[com.google.firebase:firebase-common:20.1.0] AndroidManifest.xml:35:13-43
146            android:exported="false" >
146-->[com.google.firebase:firebase-analytics-ktx:20.1.1] AndroidManifest.xml:10:13-37
147            <meta-data
147-->[com.google.firebase:firebase-analytics-ktx:20.1.1] AndroidManifest.xml:11:13-13:85
148                android:name="com.google.firebase.components:com.google.firebase.analytics.ktx.FirebaseAnalyticsKtxRegistrar"
148-->[com.google.firebase:firebase-analytics-ktx:20.1.1] AndroidManifest.xml:12:17-126
149                android:value="com.google.firebase.components.ComponentRegistrar" />
149-->[com.google.firebase:firebase-analytics-ktx:20.1.1] AndroidManifest.xml:13:17-82
150            <meta-data
150-->[com.google.firebase:firebase-database-ktx:20.0.4] AndroidManifest.xml:15:13-17:85
151                android:name="com.google.firebase.components:com.google.firebase.database.ktx.FirebaseDatabaseKtxRegistrar"
151-->[com.google.firebase:firebase-database-ktx:20.0.4] AndroidManifest.xml:16:17-124
152                android:value="com.google.firebase.components.ComponentRegistrar" />
152-->[com.google.firebase:firebase-database-ktx:20.0.4] AndroidManifest.xml:17:17-82
153            <meta-data
153-->[com.google.firebase:firebase-common-ktx:20.1.0] AndroidManifest.xml:15:13-17:85
154                android:name="com.google.firebase.components:com.google.firebase.ktx.FirebaseCommonKtxRegistrar"
154-->[com.google.firebase:firebase-common-ktx:20.1.0] AndroidManifest.xml:16:17-113
155                android:value="com.google.firebase.components.ComponentRegistrar" />
155-->[com.google.firebase:firebase-common-ktx:20.1.0] AndroidManifest.xml:17:17-82
156            <meta-data
156-->[com.google.firebase:firebase-database:20.0.4] AndroidManifest.xml:32:13-34:85
157                android:name="com.google.firebase.components:com.google.firebase.database.DatabaseRegistrar"
157-->[com.google.firebase:firebase-database:20.0.4] AndroidManifest.xml:33:17-109
158                android:value="com.google.firebase.components.ComponentRegistrar" />
158-->[com.google.firebase:firebase-database:20.0.4] AndroidManifest.xml:34:17-82
159            <meta-data
159-->[com.google.android.gms:play-services-measurement-api:20.1.1] AndroidManifest.xml:31:13-33:85
160                android:name="com.google.firebase.components:com.google.firebase.analytics.connector.internal.AnalyticsConnectorRegistrar"
160-->[com.google.android.gms:play-services-measurement-api:20.1.1] AndroidManifest.xml:32:17-139
161                android:value="com.google.firebase.components.ComponentRegistrar" />
161-->[com.google.android.gms:play-services-measurement-api:20.1.1] AndroidManifest.xml:33:17-82
162            <meta-data
162-->[com.google.firebase:firebase-installations:17.0.1] AndroidManifest.xml:18:13-20:85
163                android:name="com.google.firebase.components:com.google.firebase.installations.FirebaseInstallationsRegistrar"
163-->[com.google.firebase:firebase-installations:17.0.1] AndroidManifest.xml:19:17-127
164                android:value="com.google.firebase.components.ComponentRegistrar" />
164-->[com.google.firebase:firebase-installations:17.0.1] AndroidManifest.xml:20:17-82
165        </service>
166
167        <activity
167-->[com.naver.maps:map-sdk:3.14.0] AndroidManifest.xml:21:9-25:51
168            android:name="com.naver.maps.map.app.LegendActivity"
168-->[com.naver.maps:map-sdk:3.14.0] AndroidManifest.xml:22:13-65
169            android:configChanges="screenSize|smallestScreenSize|screenLayout|orientation"
169-->[com.naver.maps:map-sdk:3.14.0] AndroidManifest.xml:23:13-91
170            android:label="@string/navermap_legend"
170-->[com.naver.maps:map-sdk:3.14.0] AndroidManifest.xml:24:13-52
171            android:theme="@style/navermap_app" />
171-->[com.naver.maps:map-sdk:3.14.0] AndroidManifest.xml:25:13-48
172        <activity
172-->[com.naver.maps:map-sdk:3.14.0] AndroidManifest.xml:26:9-30:51
173            android:name="com.naver.maps.map.app.LegalNoticeActivity"
173-->[com.naver.maps:map-sdk:3.14.0] AndroidManifest.xml:27:13-70
174            android:configChanges="screenSize|smallestScreenSize|screenLayout|orientation"
174-->[com.naver.maps:map-sdk:3.14.0] AndroidManifest.xml:28:13-91
175            android:label="@string/navermap_legal_notice"
175-->[com.naver.maps:map-sdk:3.14.0] AndroidManifest.xml:29:13-58
176            android:theme="@style/navermap_app" />
176-->[com.naver.maps:map-sdk:3.14.0] AndroidManifest.xml:30:13-48
177        <activity
177-->[com.naver.maps:map-sdk:3.14.0] AndroidManifest.xml:31:9-35:51
178            android:name="com.naver.maps.map.app.OpenSourceLicenseActivity"
178-->[com.naver.maps:map-sdk:3.14.0] AndroidManifest.xml:32:13-76
179            android:configChanges="screenSize|smallestScreenSize|screenLayout|orientation"
179-->[com.naver.maps:map-sdk:3.14.0] AndroidManifest.xml:33:13-91
180            android:label="@string/navermap_open_source_license"
180-->[com.naver.maps:map-sdk:3.14.0] AndroidManifest.xml:34:13-65
181            android:theme="@style/navermap_app" /> <!-- Needs to be explicitly declared on P+ -->
181-->[com.naver.maps:map-sdk:3.14.0] AndroidManifest.xml:35:13-48
182        <uses-library
182-->[com.google.android.gms:play-services-maps:18.0.2] AndroidManifest.xml:39:9-41:40
183            android:name="org.apache.http.legacy"
183-->[com.google.android.gms:play-services-maps:18.0.2] AndroidManifest.xml:40:13-50
184            android:required="false" />
184-->[com.google.android.gms:play-services-maps:18.0.2] AndroidManifest.xml:41:13-37
185
186        <provider
186-->[com.google.firebase:firebase-common:20.1.0] AndroidManifest.xml:26:9-31:39
187            android:name="com.google.firebase.provider.FirebaseInitProvider"
187-->[com.google.firebase:firebase-common:20.1.0] AndroidManifest.xml:27:13-77
188            android:authorities="com.example.eattaewon.firebaseinitprovider"
188-->[com.google.firebase:firebase-common:20.1.0] AndroidManifest.xml:28:13-72
189            android:directBootAware="true"
189-->[com.google.firebase:firebase-common:20.1.0] AndroidManifest.xml:29:13-43
190            android:exported="false"
190-->[com.google.firebase:firebase-common:20.1.0] AndroidManifest.xml:30:13-37
191            android:initOrder="100" />
191-->[com.google.firebase:firebase-common:20.1.0] AndroidManifest.xml:31:13-36
192
193        <activity
193-->[com.google.android.gms:play-services-base:18.0.1] AndroidManifest.xml:20:9-22:45
194            android:name="com.google.android.gms.common.api.GoogleApiActivity"
194-->[com.google.android.gms:play-services-base:18.0.1] AndroidManifest.xml:20:19-85
195            android:exported="false"
195-->[com.google.android.gms:play-services-base:18.0.1] AndroidManifest.xml:22:19-43
196            android:theme="@android:style/Theme.Translucent.NoTitleBar" />
196-->[com.google.android.gms:play-services-base:18.0.1] AndroidManifest.xml:21:19-78
197
198        <receiver
198-->[com.google.android.gms:play-services-measurement:20.1.1] AndroidManifest.xml:29:9-33:20
199            android:name="com.google.android.gms.measurement.AppMeasurementReceiver"
199-->[com.google.android.gms:play-services-measurement:20.1.1] AndroidManifest.xml:30:13-85
200            android:enabled="true"
200-->[com.google.android.gms:play-services-measurement:20.1.1] AndroidManifest.xml:31:13-35
201            android:exported="false" >
201-->[com.google.android.gms:play-services-measurement:20.1.1] AndroidManifest.xml:32:13-37
202        </receiver>
203
204        <service
204-->[com.google.android.gms:play-services-measurement:20.1.1] AndroidManifest.xml:35:9-38:40
205            android:name="com.google.android.gms.measurement.AppMeasurementService"
205-->[com.google.android.gms:play-services-measurement:20.1.1] AndroidManifest.xml:36:13-84
206            android:enabled="true"
206-->[com.google.android.gms:play-services-measurement:20.1.1] AndroidManifest.xml:37:13-35
207            android:exported="false" />
207-->[com.google.android.gms:play-services-measurement:20.1.1] AndroidManifest.xml:38:13-37
208        <service
208-->[com.google.android.gms:play-services-measurement:20.1.1] AndroidManifest.xml:39:9-43:72
209            android:name="com.google.android.gms.measurement.AppMeasurementJobService"
209-->[com.google.android.gms:play-services-measurement:20.1.1] AndroidManifest.xml:40:13-87
210            android:enabled="true"
210-->[com.google.android.gms:play-services-measurement:20.1.1] AndroidManifest.xml:41:13-35
211            android:exported="false"
211-->[com.google.android.gms:play-services-measurement:20.1.1] AndroidManifest.xml:42:13-37
212            android:permission="android.permission.BIND_JOB_SERVICE" />
212-->[com.google.android.gms:play-services-measurement:20.1.1] AndroidManifest.xml:43:13-69
213
214        <meta-data
214-->[com.google.android.gms:play-services-basement:18.0.0] AndroidManifest.xml:21:9-23:69
215            android:name="com.google.android.gms.version"
215-->[com.google.android.gms:play-services-basement:18.0.0] AndroidManifest.xml:22:13-58
216            android:value="@integer/google_play_services_version" />
216-->[com.google.android.gms:play-services-basement:18.0.0] AndroidManifest.xml:23:13-66
217
218        <provider
218-->[androidx.emoji2:emoji2:1.0.0] AndroidManifest.xml:26:9-34:20
219            android:name="androidx.startup.InitializationProvider"
219-->[androidx.emoji2:emoji2:1.0.0] AndroidManifest.xml:27:13-67
220            android:authorities="com.example.eattaewon.androidx-startup"
220-->[androidx.emoji2:emoji2:1.0.0] AndroidManifest.xml:28:13-68
221            android:exported="false" >
221-->[androidx.emoji2:emoji2:1.0.0] AndroidManifest.xml:29:13-37
222            <meta-data
222-->[androidx.emoji2:emoji2:1.0.0] AndroidManifest.xml:31:13-33:52
223                android:name="androidx.emoji2.text.EmojiCompatInitializer"
223-->[androidx.emoji2:emoji2:1.0.0] AndroidManifest.xml:32:17-75
224                android:value="androidx.startup" />
224-->[androidx.emoji2:emoji2:1.0.0] AndroidManifest.xml:33:17-49
225            <meta-data
225-->[androidx.lifecycle:lifecycle-process:2.4.0] AndroidManifest.xml:31:13-33:52
226                android:name="androidx.lifecycle.ProcessLifecycleInitializer"
226-->[androidx.lifecycle:lifecycle-process:2.4.0] AndroidManifest.xml:32:17-78
227                android:value="androidx.startup" />
227-->[androidx.lifecycle:lifecycle-process:2.4.0] AndroidManifest.xml:33:17-49
228        </provider>
229    </application>
230
231</manifest>